<?xml version="1.0" encoding="UTF-8"?>
<!-- Generated by org.testng.reporters.JUnitReportReporter -->
<testsuite hostname="MacBook-Pro.local" failures="0" tests="1" name="testCases.Test1" time="4.220" errors="0" timestamp="2024-11-29T10:39:08 EST" skipped="0">
  <testcase classname="testCases.Test1" name="setup" time="4.220"/>
</testsuite> <!-- testCases.Test1 -->
